<?xml version="1.0" encoding="UTF-8"?>
<!-- Generated by org.testng.reporters.JUnitReportReporter -->
<testsuite hostname="DESKTOP-CFSKSBJ" failures="0" tests="3" name="testCases.TC001_AccountRegistrationTest" time="15.045" errors="0" timestamp="2024-09-24T12:00:27 IST" skipped="0">
  <testcase classname="testCases.TC001_AccountRegistrationTest" name="verify_account_registration" time="3.895"/>
  <testcase classname="testCases.TC001_AccountRegistrationTest" name="verify_account_registration" time="5.687"/>
  <testcase classname="testCases.TC001_AccountRegistrationTest" name="verify_account_registration" time="5.463"/>
</testsuite> <!-- testCases.TC001_AccountRegistrationTest -->
