<?xml version="1.0" encoding="UTF-8"?>
<!-- Generated by org.testng.reporters.JUnitReportReporter -->
<testsuite hostname="DESKTOP-CFSKSBJ" failures="0" tests="3" name="testCases.TC001_AccountRegistrationTest" time="14.571" errors="0" timestamp="2024-09-24T11:47:05 IST" skipped="0">
  <testcase classname="testCases.TC001_AccountRegistrationTest" name="verify_account_registration" time="5.726"/>
  <testcase classname="testCases.TC001_AccountRegistrationTest" name="verify_account_registration" time="3.604"/>
  <testcase classname="testCases.TC001_AccountRegistrationTest" name="verify_account_registration" time="5.241"/>
</testsuite> <!-- testCases.TC001_AccountRegistrationTest -->
