<?xml version="1.0" encoding="UTF-8"?>
<!-- Generated by org.testng.reporters.JUnitReportReporter -->
<testsuite hostname="DESKTOP-CFSKSBJ" failures="0" tests="3" name="testCases.TC001_AccountRegistrationTest" time="15.758" errors="0" timestamp="2024-09-24T11:47:48 IST" skipped="0">
  <testcase classname="testCases.TC001_AccountRegistrationTest" name="verify_account_registration" time="7.584"/>
  <testcase classname="testCases.TC001_AccountRegistrationTest" name="verify_account_registration" time="2.888"/>
  <testcase classname="testCases.TC001_AccountRegistrationTest" name="verify_account_registration" time="5.286"/>
</testsuite> <!-- testCases.TC001_AccountRegistrationTest -->
